[16:03:51] [Client thread/INFO]: Setting user: Player362
[16:03:54] [Client thread/INFO]: LWJGL Version: 2.9.2
[16:03:58] [Client thread/INFO]: Reloading ResourceManager: Default, FMLFileResourcePack:Forge Mod Loader, FMLFileResourcePack:Minecraft Forge, FMLFileResourcePack:Example Mod
[16:03:59] [Sound Library Loader/INFO]: Starting up SoundSystem...
[16:03:59] [Thread-8/INFO]: Initializing LWJGL OpenAL
[16:03:59] [Thread-8/INFO]: (The LWJGL binding of OpenAL.  For more information, see http://www.lwjgl.org)
[16:03:59] [Thread-8/INFO]: OpenAL initialized.
[16:03:59] [Sound Library Loader/INFO]: Sound engine started
[16:04:02] [Client thread/INFO]: Created: 512x512 textures-atlas
[16:04:03] [Client thread/INFO]: Reloading ResourceManager: Default, FMLFileResourcePack:Forge Mod Loader, FMLFileResourcePack:Minecraft Forge, FMLFileResourcePack:Example Mod
[16:04:03] [Client thread/INFO]: SoundSystem shutting down...
[16:04:03] [Client thread/WARN]: Author: Paul Lamb, www.paulscode.com
[16:04:03] [Sound Library Loader/INFO]: Starting up SoundSystem...
[16:04:03] [Thread-10/INFO]: Initializing LWJGL OpenAL
[16:04:03] [Thread-10/INFO]: (The LWJGL binding of OpenAL.  For more information, see http://www.lwjgl.org)
[16:04:03] [Thread-10/INFO]: OpenAL initialized.
[16:04:04] [Sound Library Loader/INFO]: Sound engine started
[16:04:05] [Client thread/INFO]: Created: 512x512 textures-atlas
[16:04:22] [Client thread/INFO]: Stopping!
[16:04:22] [Client thread/INFO]: SoundSystem shutting down...
[16:04:22] [Client thread/WARN]: Author: Paul Lamb, www.paulscode.com
